<?xml version="1.0" encoding="UTF-8"?>
<!-- Generated by org.testng.reporters.JUnitReportReporter -->
<testsuite skipped="0" hostname="Varshakutti" name="testcases.TC001_DeleteLead$TC001_LoginAndLogout" tests="1" failures="0" timestamp="08 Jun 2018 10:29:16 GMT" time="32.039" errors="0">
  <testcase name="EditLead" time="32.039" classname="testcases.TC001_DeleteLead$TC001_LoginAndLogout"/>
</testsuite> <!-- testcases.TC001_DeleteLead$TC001_LoginAndLogout -->
