<?xml version="1.0" encoding="UTF-8"?>
<!-- Generated by org.testng.reporters.JUnitReportReporter -->
<testsuite skipped="0" hostname="Varshakutti" name="testcases.TC001_EditLead$TC001_LoginAndLogout" tests="1" failures="0" timestamp="04 Jun 2018 13:01:31 GMT" time="86.267" errors="0">
  <testcase name="EditLead" time="86.267" classname="testcases.TC001_EditLead$TC001_LoginAndLogout"/>
</testsuite> <!-- testcases.TC001_EditLead$TC001_LoginAndLogout -->
