<?xml version="1.0" encoding="UTF-8"?>
<!-- Generated by org.testng.reporters.JUnitReportReporter -->
<testsuite skipped="0" hostname="Varshakutti" name="grid.Leaftaps" tests="1" failures="0" timestamp="10 Jun 2018 11:06:35 GMT" time="58.749" errors="0">
  <testcase name="login" time="58.749" classname="grid.Leaftaps"/>
</testsuite> <!-- grid.Leaftaps -->
