<?xml version="1.0" encoding="UTF-8"?>
<!-- Generated by org.testng.reporters.JUnitReportReporter -->
<testsuite skipped="0" hostname="Varshakutti" name="testcases.TC001_LoginAndLogout" tests="2" failures="0" timestamp="03 Jun 2018 06:46:42 GMT" time="66.090" errors="0">
  <testcase name="loginAndLogout" time="30.366" classname="testcases.TC001_LoginAndLogout"/>
  <testcase name="loginAndLogout" time="35.724" classname="testcases.TC001_LoginAndLogout"/>
</testsuite> <!-- testcases.TC001_LoginAndLogout -->
